
=PROGRESS REPORT==== 13-Dec-2014::19:42:11 ===
          supervisor: {local,sasl_safe_sup}
             started: [{pid,<0.42.0>},
                       {name,alarm_handler},
                       {mfargs,{alarm_handler,start_link,[]}},
                       {restart_type,permanent},
                       {shutdown,2000},
                       {child_type,worker}]

=PROGRESS REPORT==== 13-Dec-2014::19:42:12 ===
          supervisor: {local,sasl_safe_sup}
             started: [{pid,<0.43.0>},
                       {name,overload},
                       {mfargs,{overload,start_link,[]}},
                       {restart_type,permanent},
                       {shutdown,2000},
                       {child_type,worker}]

=PROGRESS REPORT==== 13-Dec-2014::19:42:12 ===
          supervisor: {local,sasl_sup}
             started: [{pid,<0.41.0>},
                       {name,sasl_safe_sup},
                       {mfargs,
                           {supervisor,start_link,
                               [{local,sasl_safe_sup},sasl,safe]}},
                       {restart_type,permanent},
                       {shutdown,infinity},
                       {child_type,supervisor}]

=PROGRESS REPORT==== 13-Dec-2014::19:42:12 ===
          supervisor: {local,sasl_sup}
             started: [{pid,<0.44.0>},
                       {name,release_handler},
                       {mfargs,{release_handler,start_link,[]}},
                       {restart_type,permanent},
                       {shutdown,2000},
                       {child_type,worker}]

=PROGRESS REPORT==== 13-Dec-2014::19:42:12 ===
         application: sasl
          started_at: boan@raspberrypi

=PROGRESS REPORT==== 13-Dec-2014::19:42:12 ===
          supervisor: {local,txrx_sup}
             started: [{pid,<0.50.0>},
                       {name,txrx_server},
                       {mfargs,{txrx_server,start_link,[]}},
                       {restart_type,permanent},
                       {shutdown,5000},
                       {child_type,worker}]

=PROGRESS REPORT==== 13-Dec-2014::19:42:12 ===
         application: txrx
          started_at: boan@raspberrypi

=PROGRESS REPORT==== 13-Dec-2014::19:42:12 ===
          supervisor: {local,homeautomation_sup}
             started: [{pid,<0.58.0>},
                       {name,homeautomation_server},
                       {mfargs,{homeautomation_server,start_link,[]}},
                       {restart_type,permanent},
                       {shutdown,5000},
                       {child_type,worker}]

=PROGRESS REPORT==== 13-Dec-2014::19:42:12 ===
          supervisor: {local,kernel_safe_sup}
             started: [{pid,<0.60.0>},
                       {name,timer_server},
                       {mfargs,{timer,start_link,[]}},
                       {restart_type,permanent},
                       {shutdown,1000},
                       {child_type,worker}]

=PROGRESS REPORT==== 13-Dec-2014::19:42:12 ===
         application: crypto
          started_at: boan@raspberrypi

=PROGRESS REPORT==== 13-Dec-2014::19:42:12 ===
          supervisor: {local,emysql_sup}
             started: [{pid,<0.69.0>},
                       {name,emysql_statements},
                       {mfargs,{emysql_statements,start_link,[]}},
                       {restart_type,permanent},
                       {shutdown,5000},
                       {child_type,worker}]

=PROGRESS REPORT==== 13-Dec-2014::19:42:12 ===
          supervisor: {local,emysql_sup}
             started: [{pid,<0.70.0>},
                       {name,emysql_conn_mgr},
                       {mfargs,{emysql_conn_mgr,start_link,[]}},
                       {restart_type,permanent},
                       {shutdown,5000},
                       {child_type,worker}]

=PROGRESS REPORT==== 13-Dec-2014::19:42:12 ===
         application: emysql
          started_at: boan@raspberrypi

=PROGRESS REPORT==== 13-Dec-2014::19:42:12 ===
          supervisor: {local,inet_gethost_native_sup}
             started: [{pid,<0.72.0>},{mfa,{inet_gethost_native,init,[[]]}}]

=PROGRESS REPORT==== 13-Dec-2014::19:42:12 ===
          supervisor: {local,kernel_safe_sup}
             started: [{pid,<0.71.0>},
                       {name,inet_gethost_native_sup},
                       {mfargs,{inet_gethost_native,start_link,[]}},
                       {restart_type,temporary},
                       {shutdown,1000},
                       {child_type,worker}]

=PROGRESS REPORT==== 13-Dec-2014::19:42:12 ===
          supervisor: {local,mysql_sup}
             started: [{pid,<0.62.0>},
                       {name,mysql_server},
                       {mfargs,{mysql_server,start_link,[]}},
                       {restart_type,permanent},
                       {shutdown,5000},
                       {child_type,worker}]

=PROGRESS REPORT==== 13-Dec-2014::19:42:12 ===
         application: homeautomation
          started_at: boan@raspberrypi

=PROGRESS REPORT==== 13-Dec-2014::19:42:13 ===
          supervisor: {local,nprocreg_sup}
             started: [{pid,<0.78.0>},
                       {name,nprocreg},
                       {mfargs,{nprocreg,start_link,[]}},
                       {restart_type,permanent},
                       {shutdown,2000},
                       {child_type,worker}]

=PROGRESS REPORT==== 13-Dec-2014::19:42:13 ===
         application: nprocreg
          started_at: boan@raspberrypi

=PROGRESS REPORT==== 13-Dec-2014::19:42:13 ===
          supervisor: {local,ranch_sup}
             started: [{pid,<0.83.0>},
                       {name,ranch_server},
                       {mfargs,{ranch_server,start_link,[]}},
                       {restart_type,permanent},
                       {shutdown,5000},
                       {child_type,worker}]

=PROGRESS REPORT==== 13-Dec-2014::19:42:13 ===
         application: ranch
          started_at: boan@raspberrypi

=PROGRESS REPORT==== 13-Dec-2014::19:42:13 ===
          supervisor: {local,cowboy_sup}
             started: [{pid,<0.88.0>},
                       {name,cowboy_clock},
                       {mfargs,{cowboy_clock,start_link,[]}},
                       {restart_type,permanent},
                       {shutdown,5000},
                       {child_type,worker}]

=PROGRESS REPORT==== 13-Dec-2014::19:42:13 ===
         application: cowboy
          started_at: boan@raspberrypi

=PROGRESS REPORT==== 13-Dec-2014::19:42:13 ===
          supervisor: {<0.89.0>,ranch_listener_sup}
             started: [{pid,<0.90.0>},
                       {name,ranch_conns_sup},
                       {mfargs,
                           {ranch_conns_sup,start_link,
                               [http,worker,ranch_tcp,cowboy_protocol]}},
                       {restart_type,permanent},
                       {shutdown,infinity},
                       {child_type,supervisor}]

=PROGRESS REPORT==== 13-Dec-2014::19:42:13 ===
          supervisor: {<0.91.0>,ranch_acceptors_sup}
             started: [{pid,<0.92.0>},
                       {name,{acceptor,<0.91.0>,1}},
                       {mfargs,
                           {ranch_acceptor,start_link,
                               [#Port<0.3379>,ranch_tcp,<0.90.0>]}},
                       {restart_type,permanent},
                       {shutdown,brutal_kill},
                       {child_type,worker}]

=PROGRESS REPORT==== 13-Dec-2014::19:42:13 ===
          supervisor: {<0.91.0>,ranch_acceptors_sup}
             started: [{pid,<0.93.0>},
                       {name,{acceptor,<0.91.0>,2}},
                       {mfargs,
                           {ranch_acceptor,start_link,
                               [#Port<0.3379>,ranch_tcp,<0.90.0>]}},
                       {restart_type,permanent},
                       {shutdown,brutal_kill},
                       {child_type,worker}]

=PROGRESS REPORT==== 13-Dec-2014::19:42:13 ===
          supervisor: {<0.91.0>,ranch_acceptors_sup}
             started: [{pid,<0.94.0>},
                       {name,{acceptor,<0.91.0>,3}},
                       {mfargs,
                           {ranch_acceptor,start_link,
                               [#Port<0.3379>,ranch_tcp,<0.90.0>]}},
                       {restart_type,permanent},
                       {shutdown,brutal_kill},
                       {child_type,worker}]

=PROGRESS REPORT==== 13-Dec-2014::19:42:13 ===
          supervisor: {<0.91.0>,ranch_acceptors_sup}
             started: [{pid,<0.95.0>},
                       {name,{acceptor,<0.91.0>,4}},
                       {mfargs,
                           {ranch_acceptor,start_link,
                               [#Port<0.3379>,ranch_tcp,<0.90.0>]}},
                       {restart_type,permanent},
                       {shutdown,brutal_kill},
                       {child_type,worker}]

=PROGRESS REPORT==== 13-Dec-2014::19:42:13 ===
          supervisor: {<0.91.0>,ranch_acceptors_sup}
             started: [{pid,<0.96.0>},
                       {name,{acceptor,<0.91.0>,5}},
                       {mfargs,
                           {ranch_acceptor,start_link,
                               [#Port<0.3379>,ranch_tcp,<0.90.0>]}},
                       {restart_type,permanent},
                       {shutdown,brutal_kill},
                       {child_type,worker}]

=PROGRESS REPORT==== 13-Dec-2014::19:42:13 ===
          supervisor: {<0.91.0>,ranch_acceptors_sup}
             started: [{pid,<0.97.0>},
                       {name,{acceptor,<0.91.0>,6}},
                       {mfargs,
                           {ranch_acceptor,start_link,
                               [#Port<0.3379>,ranch_tcp,<0.90.0>]}},
                       {restart_type,permanent},
                       {shutdown,brutal_kill},
                       {child_type,worker}]

=PROGRESS REPORT==== 13-Dec-2014::19:42:13 ===
          supervisor: {<0.91.0>,ranch_acceptors_sup}
             started: [{pid,<0.98.0>},
                       {name,{acceptor,<0.91.0>,7}},
                       {mfargs,
                           {ranch_acceptor,start_link,
                               [#Port<0.3379>,ranch_tcp,<0.90.0>]}},
                       {restart_type,permanent},
                       {shutdown,brutal_kill},
                       {child_type,worker}]

=PROGRESS REPORT==== 13-Dec-2014::19:42:13 ===
          supervisor: {<0.91.0>,ranch_acceptors_sup}
             started: [{pid,<0.99.0>},
                       {name,{acceptor,<0.91.0>,8}},
                       {mfargs,
                           {ranch_acceptor,start_link,
                               [#Port<0.3379>,ranch_tcp,<0.90.0>]}},
                       {restart_type,permanent},
                       {shutdown,brutal_kill},
                       {child_type,worker}]

=PROGRESS REPORT==== 13-Dec-2014::19:42:13 ===
          supervisor: {<0.91.0>,ranch_acceptors_sup}
             started: [{pid,<0.100.0>},
                       {name,{acceptor,<0.91.0>,9}},
                       {mfargs,
                           {ranch_acceptor,start_link,
                               [#Port<0.3379>,ranch_tcp,<0.90.0>]}},
                       {restart_type,permanent},
                       {shutdown,brutal_kill},
                       {child_type,worker}]

=PROGRESS REPORT==== 13-Dec-2014::19:42:13 ===
          supervisor: {<0.91.0>,ranch_acceptors_sup}
             started: [{pid,<0.101.0>},
                       {name,{acceptor,<0.91.0>,10}},
                       {mfargs,
                           {ranch_acceptor,start_link,
                               [#Port<0.3379>,ranch_tcp,<0.90.0>]}},
                       {restart_type,permanent},
                       {shutdown,brutal_kill},
                       {child_type,worker}]

=PROGRESS REPORT==== 13-Dec-2014::19:42:13 ===
          supervisor: {<0.91.0>,ranch_acceptors_sup}
             started: [{pid,<0.102.0>},
                       {name,{acceptor,<0.91.0>,11}},
                       {mfargs,
                           {ranch_acceptor,start_link,
                               [#Port<0.3379>,ranch_tcp,<0.90.0>]}},
                       {restart_type,permanent},
                       {shutdown,brutal_kill},
                       {child_type,worker}]

=PROGRESS REPORT==== 13-Dec-2014::19:42:13 ===
          supervisor: {<0.91.0>,ranch_acceptors_sup}
             started: [{pid,<0.103.0>},
                       {name,{acceptor,<0.91.0>,12}},
                       {mfargs,
                           {ranch_acceptor,start_link,
                               [#Port<0.3379>,ranch_tcp,<0.90.0>]}},
                       {restart_type,permanent},
                       {shutdown,brutal_kill},
                       {child_type,worker}]

=PROGRESS REPORT==== 13-Dec-2014::19:42:13 ===
          supervisor: {<0.91.0>,ranch_acceptors_sup}
             started: [{pid,<0.104.0>},
                       {name,{acceptor,<0.91.0>,13}},
                       {mfargs,
                           {ranch_acceptor,start_link,
                               [#Port<0.3379>,ranch_tcp,<0.90.0>]}},
                       {restart_type,permanent},
                       {shutdown,brutal_kill},
                       {child_type,worker}]

=PROGRESS REPORT==== 13-Dec-2014::19:42:13 ===
          supervisor: {<0.91.0>,ranch_acceptors_sup}
             started: [{pid,<0.105.0>},
                       {name,{acceptor,<0.91.0>,14}},
                       {mfargs,
                           {ranch_acceptor,start_link,
                               [#Port<0.3379>,ranch_tcp,<0.90.0>]}},
                       {restart_type,permanent},
                       {shutdown,brutal_kill},
                       {child_type,worker}]

=PROGRESS REPORT==== 13-Dec-2014::19:42:13 ===
          supervisor: {<0.91.0>,ranch_acceptors_sup}
             started: [{pid,<0.106.0>},
                       {name,{acceptor,<0.91.0>,15}},
                       {mfargs,
                           {ranch_acceptor,start_link,
                               [#Port<0.3379>,ranch_tcp,<0.90.0>]}},
                       {restart_type,permanent},
                       {shutdown,brutal_kill},
                       {child_type,worker}]

=PROGRESS REPORT==== 13-Dec-2014::19:42:13 ===
          supervisor: {<0.91.0>,ranch_acceptors_sup}
             started: [{pid,<0.107.0>},
                       {name,{acceptor,<0.91.0>,16}},
                       {mfargs,
                           {ranch_acceptor,start_link,
                               [#Port<0.3379>,ranch_tcp,<0.90.0>]}},
                       {restart_type,permanent},
                       {shutdown,brutal_kill},
                       {child_type,worker}]

=PROGRESS REPORT==== 13-Dec-2014::19:42:13 ===
          supervisor: {<0.91.0>,ranch_acceptors_sup}
             started: [{pid,<0.108.0>},
                       {name,{acceptor,<0.91.0>,17}},
                       {mfargs,
                           {ranch_acceptor,start_link,
                               [#Port<0.3379>,ranch_tcp,<0.90.0>]}},
                       {restart_type,permanent},
                       {shutdown,brutal_kill},
                       {child_type,worker}]

=PROGRESS REPORT==== 13-Dec-2014::19:42:13 ===
          supervisor: {<0.91.0>,ranch_acceptors_sup}
             started: [{pid,<0.109.0>},
                       {name,{acceptor,<0.91.0>,18}},
                       {mfargs,
                           {ranch_acceptor,start_link,
                               [#Port<0.3379>,ranch_tcp,<0.90.0>]}},
                       {restart_type,permanent},
                       {shutdown,brutal_kill},
                       {child_type,worker}]

=PROGRESS REPORT==== 13-Dec-2014::19:42:13 ===
          supervisor: {<0.91.0>,ranch_acceptors_sup}
             started: [{pid,<0.110.0>},
                       {name,{acceptor,<0.91.0>,19}},
                       {mfargs,
                           {ranch_acceptor,start_link,
                               [#Port<0.3379>,ranch_tcp,<0.90.0>]}},
                       {restart_type,permanent},
                       {shutdown,brutal_kill},
                       {child_type,worker}]

=PROGRESS REPORT==== 13-Dec-2014::19:42:13 ===
          supervisor: {<0.91.0>,ranch_acceptors_sup}
             started: [{pid,<0.111.0>},
                       {name,{acceptor,<0.91.0>,20}},
                       {mfargs,
                           {ranch_acceptor,start_link,
                               [#Port<0.3379>,ranch_tcp,<0.90.0>]}},
                       {restart_type,permanent},
                       {shutdown,brutal_kill},
                       {child_type,worker}]

=PROGRESS REPORT==== 13-Dec-2014::19:42:13 ===
          supervisor: {<0.91.0>,ranch_acceptors_sup}
             started: [{pid,<0.112.0>},
                       {name,{acceptor,<0.91.0>,21}},
                       {mfargs,
                           {ranch_acceptor,start_link,
                               [#Port<0.3379>,ranch_tcp,<0.90.0>]}},
                       {restart_type,permanent},
                       {shutdown,brutal_kill},
                       {child_type,worker}]

=PROGRESS REPORT==== 13-Dec-2014::19:42:13 ===
          supervisor: {<0.91.0>,ranch_acceptors_sup}
             started: [{pid,<0.113.0>},
                       {name,{acceptor,<0.91.0>,22}},
                       {mfargs,
                           {ranch_acceptor,start_link,
                               [#Port<0.3379>,ranch_tcp,<0.90.0>]}},
                       {restart_type,permanent},
                       {shutdown,brutal_kill},
                       {child_type,worker}]

=PROGRESS REPORT==== 13-Dec-2014::19:42:13 ===
          supervisor: {<0.91.0>,ranch_acceptors_sup}
             started: [{pid,<0.114.0>},
                       {name,{acceptor,<0.91.0>,23}},
                       {mfargs,
                           {ranch_acceptor,start_link,
                               [#Port<0.3379>,ranch_tcp,<0.90.0>]}},
                       {restart_type,permanent},
                       {shutdown,brutal_kill},
                       {child_type,worker}]

=PROGRESS REPORT==== 13-Dec-2014::19:42:13 ===
          supervisor: {<0.91.0>,ranch_acceptors_sup}
             started: [{pid,<0.115.0>},
                       {name,{acceptor,<0.91.0>,24}},
                       {mfargs,
                           {ranch_acceptor,start_link,
                               [#Port<0.3379>,ranch_tcp,<0.90.0>]}},
                       {restart_type,permanent},
                       {shutdown,brutal_kill},
                       {child_type,worker}]

=PROGRESS REPORT==== 13-Dec-2014::19:42:13 ===
          supervisor: {<0.91.0>,ranch_acceptors_sup}
             started: [{pid,<0.116.0>},
                       {name,{acceptor,<0.91.0>,25}},
                       {mfargs,
                           {ranch_acceptor,start_link,
                               [#Port<0.3379>,ranch_tcp,<0.90.0>]}},
                       {restart_type,permanent},
                       {shutdown,brutal_kill},
                       {child_type,worker}]

=PROGRESS REPORT==== 13-Dec-2014::19:42:13 ===
          supervisor: {<0.91.0>,ranch_acceptors_sup}
             started: [{pid,<0.117.0>},
                       {name,{acceptor,<0.91.0>,26}},
                       {mfargs,
                           {ranch_acceptor,start_link,
                               [#Port<0.3379>,ranch_tcp,<0.90.0>]}},
                       {restart_type,permanent},
                       {shutdown,brutal_kill},
                       {child_type,worker}]

=PROGRESS REPORT==== 13-Dec-2014::19:42:13 ===
          supervisor: {<0.91.0>,ranch_acceptors_sup}
             started: [{pid,<0.118.0>},
                       {name,{acceptor,<0.91.0>,27}},
                       {mfargs,
                           {ranch_acceptor,start_link,
                               [#Port<0.3379>,ranch_tcp,<0.90.0>]}},
                       {restart_type,permanent},
                       {shutdown,brutal_kill},
                       {child_type,worker}]

=PROGRESS REPORT==== 13-Dec-2014::19:42:13 ===
          supervisor: {<0.91.0>,ranch_acceptors_sup}
             started: [{pid,<0.119.0>},
                       {name,{acceptor,<0.91.0>,28}},
                       {mfargs,
                           {ranch_acceptor,start_link,
                               [#Port<0.3379>,ranch_tcp,<0.90.0>]}},
                       {restart_type,permanent},
                       {shutdown,brutal_kill},
                       {child_type,worker}]

=PROGRESS REPORT==== 13-Dec-2014::19:42:13 ===
          supervisor: {<0.91.0>,ranch_acceptors_sup}
             started: [{pid,<0.120.0>},
                       {name,{acceptor,<0.91.0>,29}},
                       {mfargs,
                           {ranch_acceptor,start_link,
                               [#Port<0.3379>,ranch_tcp,<0.90.0>]}},
                       {restart_type,permanent},
                       {shutdown,brutal_kill},
                       {child_type,worker}]

=PROGRESS REPORT==== 13-Dec-2014::19:42:13 ===
          supervisor: {<0.91.0>,ranch_acceptors_sup}
             started: [{pid,<0.121.0>},
                       {name,{acceptor,<0.91.0>,30}},
                       {mfargs,
                           {ranch_acceptor,start_link,
                               [#Port<0.3379>,ranch_tcp,<0.90.0>]}},
                       {restart_type,permanent},
                       {shutdown,brutal_kill},
                       {child_type,worker}]

=PROGRESS REPORT==== 13-Dec-2014::19:42:13 ===
          supervisor: {<0.91.0>,ranch_acceptors_sup}
             started: [{pid,<0.122.0>},
                       {name,{acceptor,<0.91.0>,31}},
                       {mfargs,
                           {ranch_acceptor,start_link,
                               [#Port<0.3379>,ranch_tcp,<0.90.0>]}},
                       {restart_type,permanent},
                       {shutdown,brutal_kill},
                       {child_type,worker}]

=PROGRESS REPORT==== 13-Dec-2014::19:42:13 ===
          supervisor: {<0.91.0>,ranch_acceptors_sup}
             started: [{pid,<0.123.0>},
                       {name,{acceptor,<0.91.0>,32}},
                       {mfargs,
                           {ranch_acceptor,start_link,
                               [#Port<0.3379>,ranch_tcp,<0.90.0>]}},
                       {restart_type,permanent},
                       {shutdown,brutal_kill},
                       {child_type,worker}]

=PROGRESS REPORT==== 13-Dec-2014::19:42:13 ===
          supervisor: {<0.91.0>,ranch_acceptors_sup}
             started: [{pid,<0.124.0>},
                       {name,{acceptor,<0.91.0>,33}},
                       {mfargs,
                           {ranch_acceptor,start_link,
                               [#Port<0.3379>,ranch_tcp,<0.90.0>]}},
                       {restart_type,permanent},
                       {shutdown,brutal_kill},
                       {child_type,worker}]

=PROGRESS REPORT==== 13-Dec-2014::19:42:13 ===
          supervisor: {<0.91.0>,ranch_acceptors_sup}
             started: [{pid,<0.125.0>},
                       {name,{acceptor,<0.91.0>,34}},
                       {mfargs,
                           {ranch_acceptor,start_link,
                               [#Port<0.3379>,ranch_tcp,<0.90.0>]}},
                       {restart_type,permanent},
                       {shutdown,brutal_kill},
                       {child_type,worker}]

=PROGRESS REPORT==== 13-Dec-2014::19:42:13 ===
          supervisor: {<0.91.0>,ranch_acceptors_sup}
             started: [{pid,<0.126.0>},
                       {name,{acceptor,<0.91.0>,35}},
                       {mfargs,
                           {ranch_acceptor,start_link,
                               [#Port<0.3379>,ranch_tcp,<0.90.0>]}},
                       {restart_type,permanent},
                       {shutdown,brutal_kill},
                       {child_type,worker}]

=PROGRESS REPORT==== 13-Dec-2014::19:42:13 ===
          supervisor: {<0.91.0>,ranch_acceptors_sup}
             started: [{pid,<0.127.0>},
                       {name,{acceptor,<0.91.0>,36}},
                       {mfargs,
                           {ranch_acceptor,start_link,
                               [#Port<0.3379>,ranch_tcp,<0.90.0>]}},
                       {restart_type,permanent},
                       {shutdown,brutal_kill},
                       {child_type,worker}]

=PROGRESS REPORT==== 13-Dec-2014::19:42:13 ===
          supervisor: {<0.91.0>,ranch_acceptors_sup}
             started: [{pid,<0.128.0>},
                       {name,{acceptor,<0.91.0>,37}},
                       {mfargs,
                           {ranch_acceptor,start_link,
                               [#Port<0.3379>,ranch_tcp,<0.90.0>]}},
                       {restart_type,permanent},
                       {shutdown,brutal_kill},
                       {child_type,worker}]

=PROGRESS REPORT==== 13-Dec-2014::19:42:13 ===
          supervisor: {<0.91.0>,ranch_acceptors_sup}
             started: [{pid,<0.129.0>},
                       {name,{acceptor,<0.91.0>,38}},
                       {mfargs,
                           {ranch_acceptor,start_link,
                               [#Port<0.3379>,ranch_tcp,<0.90.0>]}},
                       {restart_type,permanent},
                       {shutdown,brutal_kill},
                       {child_type,worker}]

=PROGRESS REPORT==== 13-Dec-2014::19:42:13 ===
          supervisor: {<0.91.0>,ranch_acceptors_sup}
             started: [{pid,<0.130.0>},
                       {name,{acceptor,<0.91.0>,39}},
                       {mfargs,
                           {ranch_acceptor,start_link,
                               [#Port<0.3379>,ranch_tcp,<0.90.0>]}},
                       {restart_type,permanent},
                       {shutdown,brutal_kill},
                       {child_type,worker}]

=PROGRESS REPORT==== 13-Dec-2014::19:42:13 ===
          supervisor: {<0.91.0>,ranch_acceptors_sup}
             started: [{pid,<0.131.0>},
                       {name,{acceptor,<0.91.0>,40}},
                       {mfargs,
                           {ranch_acceptor,start_link,
                               [#Port<0.3379>,ranch_tcp,<0.90.0>]}},
                       {restart_type,permanent},
                       {shutdown,brutal_kill},
                       {child_type,worker}]

=PROGRESS REPORT==== 13-Dec-2014::19:42:13 ===
          supervisor: {<0.91.0>,ranch_acceptors_sup}
             started: [{pid,<0.132.0>},
                       {name,{acceptor,<0.91.0>,41}},
                       {mfargs,
                           {ranch_acceptor,start_link,
                               [#Port<0.3379>,ranch_tcp,<0.90.0>]}},
                       {restart_type,permanent},
                       {shutdown,brutal_kill},
                       {child_type,worker}]

=PROGRESS REPORT==== 13-Dec-2014::19:42:13 ===
          supervisor: {<0.91.0>,ranch_acceptors_sup}
             started: [{pid,<0.133.0>},
                       {name,{acceptor,<0.91.0>,42}},
                       {mfargs,
                           {ranch_acceptor,start_link,
                               [#Port<0.3379>,ranch_tcp,<0.90.0>]}},
                       {restart_type,permanent},
                       {shutdown,brutal_kill},
                       {child_type,worker}]

=PROGRESS REPORT==== 13-Dec-2014::19:42:13 ===
          supervisor: {<0.91.0>,ranch_acceptors_sup}
             started: [{pid,<0.134.0>},
                       {name,{acceptor,<0.91.0>,43}},
                       {mfargs,
                           {ranch_acceptor,start_link,
                               [#Port<0.3379>,ranch_tcp,<0.90.0>]}},
                       {restart_type,permanent},
                       {shutdown,brutal_kill},
                       {child_type,worker}]

=PROGRESS REPORT==== 13-Dec-2014::19:42:13 ===
          supervisor: {<0.91.0>,ranch_acceptors_sup}
             started: [{pid,<0.135.0>},
                       {name,{acceptor,<0.91.0>,44}},
                       {mfargs,
                           {ranch_acceptor,start_link,
                               [#Port<0.3379>,ranch_tcp,<0.90.0>]}},
                       {restart_type,permanent},
                       {shutdown,brutal_kill},
                       {child_type,worker}]

=PROGRESS REPORT==== 13-Dec-2014::19:42:13 ===
          supervisor: {<0.91.0>,ranch_acceptors_sup}
             started: [{pid,<0.136.0>},
                       {name,{acceptor,<0.91.0>,45}},
                       {mfargs,
                           {ranch_acceptor,start_link,
                               [#Port<0.3379>,ranch_tcp,<0.90.0>]}},
                       {restart_type,permanent},
                       {shutdown,brutal_kill},
                       {child_type,worker}]

=PROGRESS REPORT==== 13-Dec-2014::19:42:13 ===
          supervisor: {<0.91.0>,ranch_acceptors_sup}
             started: [{pid,<0.137.0>},
                       {name,{acceptor,<0.91.0>,46}},
                       {mfargs,
                           {ranch_acceptor,start_link,
                               [#Port<0.3379>,ranch_tcp,<0.90.0>]}},
                       {restart_type,permanent},
                       {shutdown,brutal_kill},
                       {child_type,worker}]

=PROGRESS REPORT==== 13-Dec-2014::19:42:13 ===
          supervisor: {<0.91.0>,ranch_acceptors_sup}
             started: [{pid,<0.138.0>},
                       {name,{acceptor,<0.91.0>,47}},
                       {mfargs,
                           {ranch_acceptor,start_link,
                               [#Port<0.3379>,ranch_tcp,<0.90.0>]}},
                       {restart_type,permanent},
                       {shutdown,brutal_kill},
                       {child_type,worker}]

=PROGRESS REPORT==== 13-Dec-2014::19:42:13 ===
          supervisor: {<0.91.0>,ranch_acceptors_sup}
             started: [{pid,<0.139.0>},
                       {name,{acceptor,<0.91.0>,48}},
                       {mfargs,
                           {ranch_acceptor,start_link,
                               [#Port<0.3379>,ranch_tcp,<0.90.0>]}},
                       {restart_type,permanent},
                       {shutdown,brutal_kill},
                       {child_type,worker}]

=PROGRESS REPORT==== 13-Dec-2014::19:42:13 ===
          supervisor: {<0.91.0>,ranch_acceptors_sup}
             started: [{pid,<0.140.0>},
                       {name,{acceptor,<0.91.0>,49}},
                       {mfargs,
                           {ranch_acceptor,start_link,
                               [#Port<0.3379>,ranch_tcp,<0.90.0>]}},
                       {restart_type,permanent},
                       {shutdown,brutal_kill},
                       {child_type,worker}]

=PROGRESS REPORT==== 13-Dec-2014::19:42:13 ===
          supervisor: {<0.91.0>,ranch_acceptors_sup}
             started: [{pid,<0.141.0>},
                       {name,{acceptor,<0.91.0>,50}},
                       {mfargs,
                           {ranch_acceptor,start_link,
                               [#Port<0.3379>,ranch_tcp,<0.90.0>]}},
                       {restart_type,permanent},
                       {shutdown,brutal_kill},
                       {child_type,worker}]

=PROGRESS REPORT==== 13-Dec-2014::19:42:13 ===
          supervisor: {<0.91.0>,ranch_acceptors_sup}
             started: [{pid,<0.142.0>},
                       {name,{acceptor,<0.91.0>,51}},
                       {mfargs,
                           {ranch_acceptor,start_link,
                               [#Port<0.3379>,ranch_tcp,<0.90.0>]}},
                       {restart_type,permanent},
                       {shutdown,brutal_kill},
                       {child_type,worker}]

=PROGRESS REPORT==== 13-Dec-2014::19:42:13 ===
          supervisor: {<0.91.0>,ranch_acceptors_sup}
             started: [{pid,<0.143.0>},
                       {name,{acceptor,<0.91.0>,52}},
                       {mfargs,
                           {ranch_acceptor,start_link,
                               [#Port<0.3379>,ranch_tcp,<0.90.0>]}},
                       {restart_type,permanent},
                       {shutdown,brutal_kill},
                       {child_type,worker}]

=PROGRESS REPORT==== 13-Dec-2014::19:42:13 ===
          supervisor: {<0.91.0>,ranch_acceptors_sup}
             started: [{pid,<0.144.0>},
                       {name,{acceptor,<0.91.0>,53}},
                       {mfargs,
                           {ranch_acceptor,start_link,
                               [#Port<0.3379>,ranch_tcp,<0.90.0>]}},
                       {restart_type,permanent},
                       {shutdown,brutal_kill},
                       {child_type,worker}]

=PROGRESS REPORT==== 13-Dec-2014::19:42:13 ===
          supervisor: {<0.91.0>,ranch_acceptors_sup}
             started: [{pid,<0.145.0>},
                       {name,{acceptor,<0.91.0>,54}},
                       {mfargs,
                           {ranch_acceptor,start_link,
                               [#Port<0.3379>,ranch_tcp,<0.90.0>]}},
                       {restart_type,permanent},
                       {shutdown,brutal_kill},
                       {child_type,worker}]

=PROGRESS REPORT==== 13-Dec-2014::19:42:13 ===
          supervisor: {<0.91.0>,ranch_acceptors_sup}
             started: [{pid,<0.146.0>},
                       {name,{acceptor,<0.91.0>,55}},
                       {mfargs,
                           {ranch_acceptor,start_link,
                               [#Port<0.3379>,ranch_tcp,<0.90.0>]}},
                       {restart_type,permanent},
                       {shutdown,brutal_kill},
                       {child_type,worker}]

=PROGRESS REPORT==== 13-Dec-2014::19:42:13 ===
          supervisor: {<0.91.0>,ranch_acceptors_sup}
             started: [{pid,<0.147.0>},
                       {name,{acceptor,<0.91.0>,56}},
                       {mfargs,
                           {ranch_acceptor,start_link,
                               [#Port<0.3379>,ranch_tcp,<0.90.0>]}},
                       {restart_type,permanent},
                       {shutdown,brutal_kill},
                       {child_type,worker}]

=PROGRESS REPORT==== 13-Dec-2014::19:42:13 ===
          supervisor: {<0.91.0>,ranch_acceptors_sup}
             started: [{pid,<0.148.0>},
                       {name,{acceptor,<0.91.0>,57}},
                       {mfargs,
                           {ranch_acceptor,start_link,
                               [#Port<0.3379>,ranch_tcp,<0.90.0>]}},
                       {restart_type,permanent},
                       {shutdown,brutal_kill},
                       {child_type,worker}]

=PROGRESS REPORT==== 13-Dec-2014::19:42:13 ===
          supervisor: {<0.91.0>,ranch_acceptors_sup}
             started: [{pid,<0.149.0>},
                       {name,{acceptor,<0.91.0>,58}},
                       {mfargs,
                           {ranch_acceptor,start_link,
                               [#Port<0.3379>,ranch_tcp,<0.90.0>]}},
                       {restart_type,permanent},
                       {shutdown,brutal_kill},
                       {child_type,worker}]

=PROGRESS REPORT==== 13-Dec-2014::19:42:13 ===
          supervisor: {<0.91.0>,ranch_acceptors_sup}
             started: [{pid,<0.150.0>},
                       {name,{acceptor,<0.91.0>,59}},
                       {mfargs,
                           {ranch_acceptor,start_link,
                               [#Port<0.3379>,ranch_tcp,<0.90.0>]}},
                       {restart_type,permanent},
                       {shutdown,brutal_kill},
                       {child_type,worker}]

=PROGRESS REPORT==== 13-Dec-2014::19:42:13 ===
          supervisor: {<0.91.0>,ranch_acceptors_sup}
             started: [{pid,<0.151.0>},
                       {name,{acceptor,<0.91.0>,60}},
                       {mfargs,
                           {ranch_acceptor,start_link,
                               [#Port<0.3379>,ranch_tcp,<0.90.0>]}},
                       {restart_type,permanent},
                       {shutdown,brutal_kill},
                       {child_type,worker}]

=PROGRESS REPORT==== 13-Dec-2014::19:42:13 ===
          supervisor: {<0.91.0>,ranch_acceptors_sup}
             started: [{pid,<0.152.0>},
                       {name,{acceptor,<0.91.0>,61}},
                       {mfargs,
                           {ranch_acceptor,start_link,
                               [#Port<0.3379>,ranch_tcp,<0.90.0>]}},
                       {restart_type,permanent},
                       {shutdown,brutal_kill},
                       {child_type,worker}]

=PROGRESS REPORT==== 13-Dec-2014::19:42:13 ===
          supervisor: {<0.91.0>,ranch_acceptors_sup}
             started: [{pid,<0.153.0>},
                       {name,{acceptor,<0.91.0>,62}},
                       {mfargs,
                           {ranch_acceptor,start_link,
                               [#Port<0.3379>,ranch_tcp,<0.90.0>]}},
                       {restart_type,permanent},
                       {shutdown,brutal_kill},
                       {child_type,worker}]

=PROGRESS REPORT==== 13-Dec-2014::19:42:13 ===
          supervisor: {<0.91.0>,ranch_acceptors_sup}
             started: [{pid,<0.154.0>},
                       {name,{acceptor,<0.91.0>,63}},
                       {mfargs,
                           {ranch_acceptor,start_link,
                               [#Port<0.3379>,ranch_tcp,<0.90.0>]}},
                       {restart_type,permanent},
                       {shutdown,brutal_kill},
                       {child_type,worker}]

=PROGRESS REPORT==== 13-Dec-2014::19:42:13 ===
          supervisor: {<0.91.0>,ranch_acceptors_sup}
             started: [{pid,<0.155.0>},
                       {name,{acceptor,<0.91.0>,64}},
                       {mfargs,
                           {ranch_acceptor,start_link,
                               [#Port<0.3379>,ranch_tcp,<0.90.0>]}},
                       {restart_type,permanent},
                       {shutdown,brutal_kill},
                       {child_type,worker}]

=PROGRESS REPORT==== 13-Dec-2014::19:42:13 ===
          supervisor: {<0.91.0>,ranch_acceptors_sup}
             started: [{pid,<0.156.0>},
                       {name,{acceptor,<0.91.0>,65}},
                       {mfargs,
                           {ranch_acceptor,start_link,
                               [#Port<0.3379>,ranch_tcp,<0.90.0>]}},
                       {restart_type,permanent},
                       {shutdown,brutal_kill},
                       {child_type,worker}]

=PROGRESS REPORT==== 13-Dec-2014::19:42:13 ===
          supervisor: {<0.91.0>,ranch_acceptors_sup}
             started: [{pid,<0.157.0>},
                       {name,{acceptor,<0.91.0>,66}},
                       {mfargs,
                           {ranch_acceptor,start_link,
                               [#Port<0.3379>,ranch_tcp,<0.90.0>]}},
                       {restart_type,permanent},
                       {shutdown,brutal_kill},
                       {child_type,worker}]

=PROGRESS REPORT==== 13-Dec-2014::19:42:13 ===
          supervisor: {<0.91.0>,ranch_acceptors_sup}
             started: [{pid,<0.158.0>},
                       {name,{acceptor,<0.91.0>,67}},
                       {mfargs,
                           {ranch_acceptor,start_link,
                               [#Port<0.3379>,ranch_tcp,<0.90.0>]}},
                       {restart_type,permanent},
                       {shutdown,brutal_kill},
                       {child_type,worker}]

=PROGRESS REPORT==== 13-Dec-2014::19:42:13 ===
          supervisor: {<0.91.0>,ranch_acceptors_sup}
             started: [{pid,<0.159.0>},
                       {name,{acceptor,<0.91.0>,68}},
                       {mfargs,
                           {ranch_acceptor,start_link,
                               [#Port<0.3379>,ranch_tcp,<0.90.0>]}},
                       {restart_type,permanent},
                       {shutdown,brutal_kill},
                       {child_type,worker}]

=PROGRESS REPORT==== 13-Dec-2014::19:42:13 ===
          supervisor: {<0.91.0>,ranch_acceptors_sup}
             started: [{pid,<0.160.0>},
                       {name,{acceptor,<0.91.0>,69}},
                       {mfargs,
                           {ranch_acceptor,start_link,
                               [#Port<0.3379>,ranch_tcp,<0.90.0>]}},
                       {restart_type,permanent},
                       {shutdown,brutal_kill},
                       {child_type,worker}]

=PROGRESS REPORT==== 13-Dec-2014::19:42:13 ===
          supervisor: {<0.91.0>,ranch_acceptors_sup}
             started: [{pid,<0.161.0>},
                       {name,{acceptor,<0.91.0>,70}},
                       {mfargs,
                           {ranch_acceptor,start_link,
                               [#Port<0.3379>,ranch_tcp,<0.90.0>]}},
                       {restart_type,permanent},
                       {shutdown,brutal_kill},
                       {child_type,worker}]

=PROGRESS REPORT==== 13-Dec-2014::19:42:13 ===
          supervisor: {<0.91.0>,ranch_acceptors_sup}
             started: [{pid,<0.162.0>},
                       {name,{acceptor,<0.91.0>,71}},
                       {mfargs,
                           {ranch_acceptor,start_link,
                               [#Port<0.3379>,ranch_tcp,<0.90.0>]}},
                       {restart_type,permanent},
                       {shutdown,brutal_kill},
                       {child_type,worker}]

=PROGRESS REPORT==== 13-Dec-2014::19:42:13 ===
          supervisor: {<0.91.0>,ranch_acceptors_sup}
             started: [{pid,<0.163.0>},
                       {name,{acceptor,<0.91.0>,72}},
                       {mfargs,
                           {ranch_acceptor,start_link,
                               [#Port<0.3379>,ranch_tcp,<0.90.0>]}},
                       {restart_type,permanent},
                       {shutdown,brutal_kill},
                       {child_type,worker}]

=PROGRESS REPORT==== 13-Dec-2014::19:42:13 ===
          supervisor: {<0.91.0>,ranch_acceptors_sup}
             started: [{pid,<0.164.0>},
                       {name,{acceptor,<0.91.0>,73}},
                       {mfargs,
                           {ranch_acceptor,start_link,
                               [#Port<0.3379>,ranch_tcp,<0.90.0>]}},
                       {restart_type,permanent},
                       {shutdown,brutal_kill},
                       {child_type,worker}]

=PROGRESS REPORT==== 13-Dec-2014::19:42:13 ===
          supervisor: {<0.91.0>,ranch_acceptors_sup}
             started: [{pid,<0.165.0>},
                       {name,{acceptor,<0.91.0>,74}},
                       {mfargs,
                           {ranch_acceptor,start_link,
                               [#Port<0.3379>,ranch_tcp,<0.90.0>]}},
                       {restart_type,permanent},
                       {shutdown,brutal_kill},
                       {child_type,worker}]

=PROGRESS REPORT==== 13-Dec-2014::19:42:13 ===
          supervisor: {<0.91.0>,ranch_acceptors_sup}
             started: [{pid,<0.166.0>},
                       {name,{acceptor,<0.91.0>,75}},
                       {mfargs,
                           {ranch_acceptor,start_link,
                               [#Port<0.3379>,ranch_tcp,<0.90.0>]}},
                       {restart_type,permanent},
                       {shutdown,brutal_kill},
                       {child_type,worker}]

=PROGRESS REPORT==== 13-Dec-2014::19:42:13 ===
          supervisor: {<0.91.0>,ranch_acceptors_sup}
             started: [{pid,<0.167.0>},
                       {name,{acceptor,<0.91.0>,76}},
                       {mfargs,
                           {ranch_acceptor,start_link,
                               [#Port<0.3379>,ranch_tcp,<0.90.0>]}},
                       {restart_type,permanent},
                       {shutdown,brutal_kill},
                       {child_type,worker}]

=PROGRESS REPORT==== 13-Dec-2014::19:42:13 ===
          supervisor: {<0.91.0>,ranch_acceptors_sup}
             started: [{pid,<0.168.0>},
                       {name,{acceptor,<0.91.0>,77}},
                       {mfargs,
                           {ranch_acceptor,start_link,
                               [#Port<0.3379>,ranch_tcp,<0.90.0>]}},
                       {restart_type,permanent},
                       {shutdown,brutal_kill},
                       {child_type,worker}]

=PROGRESS REPORT==== 13-Dec-2014::19:42:13 ===
          supervisor: {<0.91.0>,ranch_acceptors_sup}
             started: [{pid,<0.169.0>},
                       {name,{acceptor,<0.91.0>,78}},
                       {mfargs,
                           {ranch_acceptor,start_link,
                               [#Port<0.3379>,ranch_tcp,<0.90.0>]}},
                       {restart_type,permanent},
                       {shutdown,brutal_kill},
                       {child_type,worker}]

=PROGRESS REPORT==== 13-Dec-2014::19:42:13 ===
          supervisor: {<0.91.0>,ranch_acceptors_sup}
             started: [{pid,<0.170.0>},
                       {name,{acceptor,<0.91.0>,79}},
                       {mfargs,
                           {ranch_acceptor,start_link,
                               [#Port<0.3379>,ranch_tcp,<0.90.0>]}},
                       {restart_type,permanent},
                       {shutdown,brutal_kill},
                       {child_type,worker}]

=PROGRESS REPORT==== 13-Dec-2014::19:42:13 ===
          supervisor: {<0.91.0>,ranch_acceptors_sup}
             started: [{pid,<0.171.0>},
                       {name,{acceptor,<0.91.0>,80}},
                       {mfargs,
                           {ranch_acceptor,start_link,
                               [#Port<0.3379>,ranch_tcp,<0.90.0>]}},
                       {restart_type,permanent},
                       {shutdown,brutal_kill},
                       {child_type,worker}]

=PROGRESS REPORT==== 13-Dec-2014::19:42:13 ===
          supervisor: {<0.91.0>,ranch_acceptors_sup}
             started: [{pid,<0.172.0>},
                       {name,{acceptor,<0.91.0>,81}},
                       {mfargs,
                           {ranch_acceptor,start_link,
                               [#Port<0.3379>,ranch_tcp,<0.90.0>]}},
                       {restart_type,permanent},
                       {shutdown,brutal_kill},
                       {child_type,worker}]

=PROGRESS REPORT==== 13-Dec-2014::19:42:13 ===
          supervisor: {<0.91.0>,ranch_acceptors_sup}
             started: [{pid,<0.173.0>},
                       {name,{acceptor,<0.91.0>,82}},
                       {mfargs,
                           {ranch_acceptor,start_link,
                               [#Port<0.3379>,ranch_tcp,<0.90.0>]}},
                       {restart_type,permanent},
                       {shutdown,brutal_kill},
                       {child_type,worker}]

=PROGRESS REPORT==== 13-Dec-2014::19:42:13 ===
          supervisor: {<0.91.0>,ranch_acceptors_sup}
             started: [{pid,<0.174.0>},
                       {name,{acceptor,<0.91.0>,83}},
                       {mfargs,
                           {ranch_acceptor,start_link,
                               [#Port<0.3379>,ranch_tcp,<0.90.0>]}},
                       {restart_type,permanent},
                       {shutdown,brutal_kill},
                       {child_type,worker}]

=PROGRESS REPORT==== 13-Dec-2014::19:42:13 ===
          supervisor: {<0.91.0>,ranch_acceptors_sup}
             started: [{pid,<0.175.0>},
                       {name,{acceptor,<0.91.0>,84}},
                       {mfargs,
                           {ranch_acceptor,start_link,
                               [#Port<0.3379>,ranch_tcp,<0.90.0>]}},
                       {restart_type,permanent},
                       {shutdown,brutal_kill},
                       {child_type,worker}]

=PROGRESS REPORT==== 13-Dec-2014::19:42:13 ===
          supervisor: {<0.91.0>,ranch_acceptors_sup}
             started: [{pid,<0.176.0>},
                       {name,{acceptor,<0.91.0>,85}},
                       {mfargs,
                           {ranch_acceptor,start_link,
                               [#Port<0.3379>,ranch_tcp,<0.90.0>]}},
                       {restart_type,permanent},
                       {shutdown,brutal_kill},
                       {child_type,worker}]

=PROGRESS REPORT==== 13-Dec-2014::19:42:13 ===
          supervisor: {<0.91.0>,ranch_acceptors_sup}
             started: [{pid,<0.177.0>},
                       {name,{acceptor,<0.91.0>,86}},
                       {mfargs,
                           {ranch_acceptor,start_link,
                               [#Port<0.3379>,ranch_tcp,<0.90.0>]}},
                       {restart_type,permanent},
                       {shutdown,brutal_kill},
                       {child_type,worker}]

=PROGRESS REPORT==== 13-Dec-2014::19:42:13 ===
          supervisor: {<0.91.0>,ranch_acceptors_sup}
             started: [{pid,<0.178.0>},
                       {name,{acceptor,<0.91.0>,87}},
                       {mfargs,
                           {ranch_acceptor,start_link,
                               [#Port<0.3379>,ranch_tcp,<0.90.0>]}},
                       {restart_type,permanent},
                       {shutdown,brutal_kill},
                       {child_type,worker}]

=PROGRESS REPORT==== 13-Dec-2014::19:42:13 ===
          supervisor: {<0.91.0>,ranch_acceptors_sup}
             started: [{pid,<0.179.0>},
                       {name,{acceptor,<0.91.0>,88}},
                       {mfargs,
                           {ranch_acceptor,start_link,
                               [#Port<0.3379>,ranch_tcp,<0.90.0>]}},
                       {restart_type,permanent},
                       {shutdown,brutal_kill},
                       {child_type,worker}]

=PROGRESS REPORT==== 13-Dec-2014::19:42:13 ===
          supervisor: {<0.91.0>,ranch_acceptors_sup}
             started: [{pid,<0.180.0>},
                       {name,{acceptor,<0.91.0>,89}},
                       {mfargs,
                           {ranch_acceptor,start_link,
                               [#Port<0.3379>,ranch_tcp,<0.90.0>]}},
                       {restart_type,permanent},
                       {shutdown,brutal_kill},
                       {child_type,worker}]

=PROGRESS REPORT==== 13-Dec-2014::19:42:13 ===
          supervisor: {<0.91.0>,ranch_acceptors_sup}
             started: [{pid,<0.181.0>},
                       {name,{acceptor,<0.91.0>,90}},
                       {mfargs,
                           {ranch_acceptor,start_link,
                               [#Port<0.3379>,ranch_tcp,<0.90.0>]}},
                       {restart_type,permanent},
                       {shutdown,brutal_kill},
                       {child_type,worker}]

=PROGRESS REPORT==== 13-Dec-2014::19:42:13 ===
          supervisor: {<0.91.0>,ranch_acceptors_sup}
             started: [{pid,<0.182.0>},
                       {name,{acceptor,<0.91.0>,91}},
                       {mfargs,
                           {ranch_acceptor,start_link,
                               [#Port<0.3379>,ranch_tcp,<0.90.0>]}},
                       {restart_type,permanent},
                       {shutdown,brutal_kill},
                       {child_type,worker}]

=PROGRESS REPORT==== 13-Dec-2014::19:42:13 ===
          supervisor: {<0.91.0>,ranch_acceptors_sup}
             started: [{pid,<0.183.0>},
                       {name,{acceptor,<0.91.0>,92}},
                       {mfargs,
                           {ranch_acceptor,start_link,
                               [#Port<0.3379>,ranch_tcp,<0.90.0>]}},
                       {restart_type,permanent},
                       {shutdown,brutal_kill},
                       {child_type,worker}]

=PROGRESS REPORT==== 13-Dec-2014::19:42:13 ===
          supervisor: {<0.91.0>,ranch_acceptors_sup}
             started: [{pid,<0.184.0>},
                       {name,{acceptor,<0.91.0>,93}},
                       {mfargs,
                           {ranch_acceptor,start_link,
                               [#Port<0.3379>,ranch_tcp,<0.90.0>]}},
                       {restart_type,permanent},
                       {shutdown,brutal_kill},
                       {child_type,worker}]

=PROGRESS REPORT==== 13-Dec-2014::19:42:13 ===
          supervisor: {<0.91.0>,ranch_acceptors_sup}
             started: [{pid,<0.185.0>},
                       {name,{acceptor,<0.91.0>,94}},
                       {mfargs,
                           {ranch_acceptor,start_link,
                               [#Port<0.3379>,ranch_tcp,<0.90.0>]}},
                       {restart_type,permanent},
                       {shutdown,brutal_kill},
                       {child_type,worker}]

=PROGRESS REPORT==== 13-Dec-2014::19:42:13 ===
          supervisor: {<0.91.0>,ranch_acceptors_sup}
             started: [{pid,<0.186.0>},
                       {name,{acceptor,<0.91.0>,95}},
                       {mfargs,
                           {ranch_acceptor,start_link,
                               [#Port<0.3379>,ranch_tcp,<0.90.0>]}},
                       {restart_type,permanent},
                       {shutdown,brutal_kill},
                       {child_type,worker}]

=PROGRESS REPORT==== 13-Dec-2014::19:42:13 ===
          supervisor: {<0.91.0>,ranch_acceptors_sup}
             started: [{pid,<0.187.0>},
                       {name,{acceptor,<0.91.0>,96}},
                       {mfargs,
                           {ranch_acceptor,start_link,
                               [#Port<0.3379>,ranch_tcp,<0.90.0>]}},
                       {restart_type,permanent},
                       {shutdown,brutal_kill},
                       {child_type,worker}]

=PROGRESS REPORT==== 13-Dec-2014::19:42:13 ===
          supervisor: {<0.91.0>,ranch_acceptors_sup}
             started: [{pid,<0.188.0>},
                       {name,{acceptor,<0.91.0>,97}},
                       {mfargs,
                           {ranch_acceptor,start_link,
                               [#Port<0.3379>,ranch_tcp,<0.90.0>]}},
                       {restart_type,permanent},
                       {shutdown,brutal_kill},
                       {child_type,worker}]

=PROGRESS REPORT==== 13-Dec-2014::19:42:13 ===
          supervisor: {<0.91.0>,ranch_acceptors_sup}
             started: [{pid,<0.189.0>},
                       {name,{acceptor,<0.91.0>,98}},
                       {mfargs,
                           {ranch_acceptor,start_link,
                               [#Port<0.3379>,ranch_tcp,<0.90.0>]}},
                       {restart_type,permanent},
                       {shutdown,brutal_kill},
                       {child_type,worker}]

=PROGRESS REPORT==== 13-Dec-2014::19:42:13 ===
          supervisor: {<0.91.0>,ranch_acceptors_sup}
             started: [{pid,<0.190.0>},
                       {name,{acceptor,<0.91.0>,99}},
                       {mfargs,
                           {ranch_acceptor,start_link,
                               [#Port<0.3379>,ranch_tcp,<0.90.0>]}},
                       {restart_type,permanent},
                       {shutdown,brutal_kill},
                       {child_type,worker}]

=PROGRESS REPORT==== 13-Dec-2014::19:42:13 ===
          supervisor: {<0.91.0>,ranch_acceptors_sup}
             started: [{pid,<0.191.0>},
                       {name,{acceptor,<0.91.0>,100}},
                       {mfargs,
                           {ranch_acceptor,start_link,
                               [#Port<0.3379>,ranch_tcp,<0.90.0>]}},
                       {restart_type,permanent},
                       {shutdown,brutal_kill},
                       {child_type,worker}]

=PROGRESS REPORT==== 13-Dec-2014::19:42:13 ===
          supervisor: {<0.89.0>,ranch_listener_sup}
             started: [{pid,<0.91.0>},
                       {name,ranch_acceptors_sup},
                       {mfargs,
                           {ranch_acceptors_sup,start_link,
                               [http,100,ranch_tcp,[{port,3553}]]}},
                       {restart_type,permanent},
                       {shutdown,infinity},
                       {child_type,supervisor}]

=PROGRESS REPORT==== 13-Dec-2014::19:42:13 ===
          supervisor: {local,ranch_sup}
             started: [{pid,<0.89.0>},
                       {name,{ranch_listener_sup,http}},
                       {mfargs,
                        {ranch_listener_sup,start_link,
                         [http,100,ranch_tcp,
                          [{port,3553}],
                          cowboy_protocol,
                          [{env,
                            [{dispatch,
                              [{'_',[],
                                [{[<<"js">>,'...'],
                                  [],cowboy_static,
                                  [{mimetypes,
                                    {#Fun<mimetypes.path_to_mimes.2>,default}},
                                   {directory,"./priv/static/js/"}]},
                                 {[<<"images">>,'...'],
                                  [],cowboy_static,
                                  [{mimetypes,
                                    {#Fun<mimetypes.path_to_mimes.2>,default}},
                                   {directory,"./priv/static/images/"}]},
                                 {[<<"css">>,'...'],
                                  [],cowboy_static,
                                  [{mimetypes,
                                    {#Fun<mimetypes.path_to_mimes.2>,default}},
                                   {directory,"./priv/static/css/"}]},
                                 {[<<"nitrogen">>,'...'],
                                  [],cowboy_static,
                                  [{mimetypes,
                                    {#Fun<mimetypes.path_to_mimes.2>,default}},
                                   {directory,"./priv/static/nitrogen/"}]},
                                 {[<<"favicon.ico">>],
                                  [],cowboy_static,
                                  [{mimetypes,
                                    {#Fun<mimetypes.path_to_mimes.2>,default}},
                                   {directory,"./priv/static"},
                                   {file,"favicon.ico"}]},
                                 {'_',[],nitrogen_cowboy,[]}]}]}]},
                           {max_keepalive,50}]]}},
                       {restart_type,permanent},
                       {shutdown,5000},
                       {child_type,supervisor}]
